<?xml version="1.0" encoding="UTF-8"?>
<!-- Generated by org.testng.reporters.JUnitReportReporter -->
<testsuite hostname="alp22060" failures="0" tests="3" name="TestngAnnotations.Priority" time="17.739" errors="0" timestamp="2024-07-19T16:14:33 IST" skipped="0">
  <testcase classname="TestngAnnotations.Priority" name="ApparioTitleTest" time="5.173"/>
  <testcase classname="TestngAnnotations.Priority" name="ApparioLinkTest" time="6.722"/>
  <testcase classname="TestngAnnotations.Priority" name="ApparioLogoTest" time="5.844"/>
</testsuite> <!-- TestngAnnotations.Priority -->
