<?xml version="1.0" encoding="UTF-8"?>
<!-- Generated by org.testng.reporters.JUnitReportReporter -->
<testsuite hostname="alp22060" failures="0" tests="2" name="TestngAnnotations.Test3" time="30.115" errors="0" timestamp="2024-07-27T17:50:11 IST" skipped="0">
  <testcase classname="TestngAnnotations.Test3" name="searchTest" time="8.354"/>
  <testcase classname="TestngAnnotations.Test3" name="navigateToTees" time="21.761"/>
</testsuite> <!-- TestngAnnotations.Test3 -->
