<?xml version="1.0" encoding="UTF-8"?>
<!-- Generated by org.testng.reporters.JUnitReportReporter -->
<testsuite hostname="alp22060" failures="0" tests="1" name="TestngAnnotations.Annotations" time="8.935" errors="0" timestamp="2024-07-27T14:58:22 IST" skipped="0">
  <testcase classname="TestngAnnotations.Annotations" name="searchTest" time="8.935"/>
</testsuite> <!-- TestngAnnotations.Annotations -->
