<?xml version="1.0" encoding="UTF-8"?>
<!-- Generated by org.testng.reporters.JUnitReportReporter -->
<testsuite hostname="alp22060" failures="0" tests="3" name="TestngAnnotations.ScreenShot" time="91.977" errors="0" timestamp="2024-07-27T19:57:34 IST" skipped="0">
  <testcase classname="TestngAnnotations.ScreenShot" name="searchTest" time="17.566"/>
  <testcase classname="TestngAnnotations.ScreenShot" name="navigateToTees" time="35.221"/>
  <testcase classname="TestngAnnotations.ScreenShot" name="screenshot" time="39.190"/>
</testsuite> <!-- TestngAnnotations.ScreenShot -->
