<?xml version="1.0" encoding="UTF-8"?>
<!-- Generated by org.testng.reporters.JUnitReportReporter -->
<testsuite hostname="alp22060" failures="0" tests="2" name="api.test.UserTests" time="2.417" errors="0" timestamp="2024-08-20T10:57:34 IST" skipped="0">
  <testcase classname="api.test.UserTests" name="testReadUsers1and2" time="2.148"/>
  <testcase classname="api.test.UserTests" name="testReadUser2" time="0.269"/>
</testsuite> <!-- api.test.UserTests -->
