<?xml version="1.0" encoding="UTF-8"?>
<!-- Generated by org.testng.reporters.JUnitReportReporter -->
<testsuite hostname="alp22060" failures="0" tests="4" name="api.test.UserTests" time="7.323" errors="0" timestamp="2024-07-24T11:01:08 IST" skipped="0">
  <testcase classname="api.test.UserTests" name="testPostUser" time="3.632"/>
  <testcase classname="api.test.UserTests" name="testGetUserByName" time="0.931"/>
  <testcase classname="api.test.UserTests" name="testUpdateUserByName" time="1.850"/>
  <testcase classname="api.test.UserTests" name="testDeleteUserByName" time="0.910"/>
</testsuite> <!-- api.test.UserTests -->
