<?xml version="1.0" encoding="UTF-8"?>
<!-- Generated by org.testng.reporters.JUnitReportReporter -->
<testsuite hostname="alp22060" failures="0" tests="6" name="api.test.DDTests" time="7.980" errors="0" timestamp="2024-07-24T17:59:17 IST" skipped="0">
  <testcase classname="api.test.DDTests" name="testPostuser" time="3.417"/>
  <testcase classname="api.test.DDTests" name="testPostuser" time="0.889"/>
  <testcase classname="api.test.DDTests" name="testPostuser" time="0.926"/>
  <testcase classname="api.test.DDTests" name="testDeleteuserbyname" time="0.936"/>
  <testcase classname="api.test.DDTests" name="testDeleteuserbyname" time="0.898"/>
  <testcase classname="api.test.DDTests" name="testDeleteuserbyname" time="0.914"/>
</testsuite> <!-- api.test.DDTests -->
