<?xml version="1.0" encoding="UTF-8"?>
<!-- Generated by org.testng.reporters.JUnitReportReporter -->
<testsuite hostname="alp22060" failures="0" tests="2" name="APITesting.Testing1" time="3.024" errors="0" timestamp="2024-07-25T16:44:34 IST" skipped="0">
  <testcase classname="APITesting.Testing1" name="testCreateUser" time="2.944"/>
  <testcase classname="APITesting.Testing1" name="testGetUser" time="0.080"/>
</testsuite> <!-- APITesting.Testing1 -->
